<?xml version="1.0" encoding="UTF-8"?>
<!-- Generated by org.testng.reporters.JUnitReportReporter -->
<testsuite hostname="DESKTOP-57QL2OO" failures="0" tests="1" name="edu.screenshot.testng.ScreenshotCapture" time="11.960" errors="0" timestamp="2023-07-07T22:38:05 IST" skipped="0">
  <testcase classname="edu.screenshot.testng.ScreenshotCapture" name="captureScreenshot" time="11.960"/>
</testsuite> <!-- edu.screenshot.testng.ScreenshotCapture -->
