<?xml version="1.0" encoding="UTF-8"?>
<!-- Generated by org.testng.reporters.JUnitReportReporter -->
<testsuite hostname="DESKTOP-57QL2OO" failures="0" tests="3" name="testNG.testNGProj.TestNGParameters" time="66.621" errors="0" timestamp="2023-07-10T23:09:39 IST" skipped="0">
  <testcase classname="testNG.testNGProj.TestNGParameters" name="TestMethod3" time="22.542"/>
  <testcase classname="testNG.testNGProj.TestNGParameters" name="TestMethod1" time="20.644"/>
  <testcase classname="testNG.testNGProj.TestNGParameters" name="TestMethod2" time="23.435"/>
  <system-out>
    <![CDATA[This is demo testNG Class]]>
  </system-out>
</testsuite> <!-- testNG.testNGProj.TestNGParameters -->
