<?xml version="1.0" encoding="UTF-8"?>
<!-- Generated by org.testng.reporters.JUnitReportReporter -->
<testsuite hostname="DESKTOP-57QL2OO" failures="0" tests="1" name="testNG.testNGProj.TestNGAssertion2" time="8.206" errors="0" timestamp="2023-07-12T19:12:00 IST" skipped="0">
  <testcase classname="testNG.testNGProj.TestNGAssertion2" name="TestAssert" time="8.206"/>
</testsuite> <!-- testNG.testNGProj.TestNGAssertion2 -->
