<?xml version="1.0" encoding="UTF-8"?>
<!-- Generated by org.testng.reporters.JUnitReportReporter -->
<testsuite hostname="DESKTOP-57QL2OO" failures="0" tests="1" name="testNG.testNGProj.TestNGAssertion" time="6.371" errors="0" timestamp="2023-07-10T23:09:39 IST" skipped="0">
  <testcase classname="testNG.testNGProj.TestNGAssertion" name="TestAssert" time="6.371"/>
  <system-out>
    <![CDATA[This is demo testNG Class]]>
  </system-out>
</testsuite> <!-- testNG.testNGProj.TestNGAssertion -->
