<?xml version="1.0" encoding="UTF-8"?>
<!-- Generated by org.testng.reporters.JUnitReportReporter -->
<testsuite hostname="DESKTOP-57QL2OO" failures="0" tests="1" name="testNG.testNGProj.HandleAlerts" time="53.195" errors="0" timestamp="2023-07-12T18:57:19 IST" skipped="0">
  <testcase classname="testNG.testNGProj.HandleAlerts" name="HandleAlertsMethod" time="53.195"/>
</testsuite> <!-- testNG.testNGProj.HandleAlerts -->
